
Copyright (C) 1994-2021 Synopsys, Inc.
This Synopsys software and all associated documentation are proprietary to Synopsys, Inc.
and may only be used pursuant to the terms and conditions of a written license agreement
with Synopsys, Inc. All other use, reproduction, modification, or distribution of the
Synopsys software or the associated documentation is strictly prohibited.
Tool: Synplify Pro (R)
Build: R-2021.03L-SP1
Install: D:\lscc\diamond\3.12\synpbase
OS: Windows 6.2

Hostname: CGITB2303316341

Implementation : impl1

# Written on Wed Jul 12 16:07:17 2023

##### FILES SYNTAX CHECKED ##############################################
Constraint File(s):      (none)

#Run constraint checker to find more issues with constraints.
#########################################################################



No issues found in constraint syntax.



Clock Summary
*************

          Start                Requested     Requested     Clock        Clock                   Clock
Level     Clock                Frequency     Period        Type         Group                   Load 
-----------------------------------------------------------------------------------------------------
0 -       System               100.0 MHz     10.000        system       system_clkgroup         19   
                                                                                                     
0 -       server_top|clock     100.0 MHz     10.000        inferred     Inferred_clkgroup_0     545  
=====================================================================================================


Clock Load Summary
******************

                     Clock     Source          Clock Pin                                 Non-clock Pin     Non-clock Pin
Clock                Load      Pin             Seq Example                               Seq Example       Comb Example 
------------------------------------------------------------------------------------------------------------------------
System               19        -               bmc_reset_ctrl_inst.next_state[2:0].C     -                 -            
                                                                                                                        
server_top|clock     545       clock(port)     flash_1s.C                                -                 -            
========================================================================================================================
