Running in Lattice mode

                               Synplify Pro (R) 

                Version R-2021.03L-SP1 for win64 - Aug 10, 2021 

                    Copyright (c) 1988 - 2021 Synopsys, Inc.
   This software and the associated documentation are proprietary to Synopsys,
 Inc. This software may only be used in accordance with the terms and conditions
 of a written license agreement with Synopsys, Inc. All other use, reproduction,
            or distribution of this software is strictly prohibited.

Starting:    D:\lscc\diamond\3.12\synpbase\bin64\mbin\synbatch.exe
Install:     D:\lscc\diamond\3.12\synpbase
Hostname:    CGITB2303316341
Date:        Wed Jul 12 16:07:12 2023
Version:     R-2021.03L-SP1

Arguments:   -product synplify_pro -batch Server_CPLD_V11_PRJ_impl1_synplify.tcl
ProductType: synplify_pro




log file: "E:\01_Project\07_SG2042_Server\99_CPLD\Project\03_Server_CPLD_V11\Pre_Final\Server_CPLD_V11_PRJ\impl1\Server_CPLD_V11_PRJ_impl1.srr"
Running: impl1 in foreground

Running proj_1|impl1

Running Flow: compile (Compile) on proj_1|impl1
# Wed Jul 12 16:07:12 2023

Running Flow: compile_flow (Compile Process) on proj_1|impl1
# Wed Jul 12 16:07:12 2023

Running: compiler (Compile Input) on proj_1|impl1
# Wed Jul 12 16:07:12 2023
Copied E:\01_Project\07_SG2042_Server\99_CPLD\Project\03_Server_CPLD_V11\Pre_Final\Server_CPLD_V11_PRJ\impl1\synwork\Server_CPLD_V11_PRJ_impl1_comp.srs to E:\01_Project\07_SG2042_Server\99_CPLD\Project\03_Server_CPLD_V11\Pre_Final\Server_CPLD_V11_PRJ\impl1\Server_CPLD_V11_PRJ_impl1.srs

compiler completed
# Wed Jul 12 16:07:16 2023

Return Code: 0
Run Time:00h:00m:04s

Running: multi_srs_gen (Multi-srs Generator) on proj_1|impl1
# Wed Jul 12 16:07:16 2023

multi_srs_gen completed
# Wed Jul 12 16:07:16 2023

Return Code: 0
Run Time:00h:00m:00s
Copied E:\01_Project\07_SG2042_Server\99_CPLD\Project\03_Server_CPLD_V11\Pre_Final\Server_CPLD_V11_PRJ\impl1\synwork\Server_CPLD_V11_PRJ_impl1_mult.srs to E:\01_Project\07_SG2042_Server\99_CPLD\Project\03_Server_CPLD_V11\Pre_Final\Server_CPLD_V11_PRJ\impl1\Server_CPLD_V11_PRJ_impl1.srs
Copied E:\01_Project\07_SG2042_Server\99_CPLD\Project\03_Server_CPLD_V11\Pre_Final\Server_CPLD_V11_PRJ\impl1\Server_CPLD_V11_PRJ_impl1.srr to E:\01_Project\07_SG2042_Server\99_CPLD\Project\03_Server_CPLD_V11\Pre_Final\Server_CPLD_V11_PRJ\impl1\Server_CPLD_V11_PRJ_impl1.srf
Complete: Compile Process on proj_1|impl1

Running: premap (Premap) on proj_1|impl1
# Wed Jul 12 16:07:16 2023

premap completed with warnings
# Wed Jul 12 16:07:18 2023

Return Code: 1
Run Time:00h:00m:02s
Complete: Compile on proj_1|impl1

Running Flow: map (Map) on proj_1|impl1
# Wed Jul 12 16:07:18 2023
License granted for 4 parallel jobs

Running: fpga_mapper (Map & Optimize) on proj_1|impl1
# Wed Jul 12 16:07:18 2023
Copied E:\01_Project\07_SG2042_Server\99_CPLD\Project\03_Server_CPLD_V11\Pre_Final\Server_CPLD_V11_PRJ\impl1\synwork\Server_CPLD_V11_PRJ_impl1_m.srm to E:\01_Project\07_SG2042_Server\99_CPLD\Project\03_Server_CPLD_V11\Pre_Final\Server_CPLD_V11_PRJ\impl1\Server_CPLD_V11_PRJ_impl1.srm

fpga_mapper completed with warnings
# Wed Jul 12 16:07:22 2023

Return Code: 1
Run Time:00h:00m:04s
Complete: Map on proj_1|impl1
Copied E:\01_Project\07_SG2042_Server\99_CPLD\Project\03_Server_CPLD_V11\Pre_Final\Server_CPLD_V11_PRJ\impl1\Server_CPLD_V11_PRJ_impl1.srr to E:\01_Project\07_SG2042_Server\99_CPLD\Project\03_Server_CPLD_V11\Pre_Final\Server_CPLD_V11_PRJ\impl1\Server_CPLD_V11_PRJ_impl1.srf
Complete: Logic Synthesis on proj_1|impl1
TCL script complete: "Server_CPLD_V11_PRJ_impl1_synplify.tcl"
exit status=0
exit status=0
Save changes for project:
E:\01_Project\07_SG2042_Server\99_CPLD\Project\03_Server_CPLD_V11\Pre_Final\Server_CPLD_V11_PRJ\impl1\proj_1.prj
batch mode default:no
